This file contains any messages produced by compilers while
running configure, to aid debugging if configure makes a mistake.

It was created by ukb configure 3.2, which was
generated by GNU Autoconf 2.69.  Invocation command line was

  $ ./configure --with-boost-include=/usr/local/include

## --------- ##
## Platform. ##
## --------- ##

hostname = akalanka-ThinkPad
uname -m = x86_64
uname -r = 5.8.0-44-generic
uname -s = Linux
uname -v = #50~20.04.1-Ubuntu SMP Wed Feb 10 21:07:30 UTC 2021

/usr/bin/uname -p = x86_64
/bin/uname -X     = unknown

/bin/arch              = x86_64
/usr/bin/arch -k       = unknown
/usr/convex/getsysinfo = unknown
/usr/bin/hostinfo      = unknown
/bin/machine           = unknown
/usr/bin/oslevel       = unknown
/bin/universe          = unknown

PATH: /home/akalanka/.local/bin
PATH: /usr/local/sbin
PATH: /usr/local/bin
PATH: /usr/sbin
PATH: /usr/bin
PATH: /sbin
PATH: /bin
PATH: /usr/games
PATH: /usr/local/games
PATH: /snap/bin


## ----------- ##
## Core tests. ##
## ----------- ##

configure:1950: checking for g++
configure:1966: found /usr/bin/g++
configure:1977: result: g++
configure:2004: checking for C++ compiler version
configure:2013: g++ --version >&5
g++ (Ubuntu 9.3.0-17ubuntu1~20.04) 9.3.0
Copyright (C) 2019 Free Software Foundation, Inc.
This is free software; see the source for copying conditions.  There is NO
warranty; not even for MERCHANTABILITY or FITNESS FOR A PARTICULAR PURPOSE.

configure:2024: $? = 0
configure:2013: g++ -v >&5
Using built-in specs.
COLLECT_GCC=g++
COLLECT_LTO_WRAPPER=/usr/lib/gcc/x86_64-linux-gnu/9/lto-wrapper
OFFLOAD_TARGET_NAMES=nvptx-none:hsa
OFFLOAD_TARGET_DEFAULT=1
Target: x86_64-linux-gnu
Configured with: ../src/configure -v --with-pkgversion='Ubuntu 9.3.0-17ubuntu1~20.04' --with-bugurl=file:///usr/share/doc/gcc-9/README.Bugs --enable-languages=c,ada,c++,go,brig,d,fortran,objc,obj-c++,gm2 --prefix=/usr --with-gcc-major-version-only --program-suffix=-9 --program-prefix=x86_64-linux-gnu- --enable-shared --enable-linker-build-id --libexecdir=/usr/lib --without-included-gettext --enable-threads=posix --libdir=/usr/lib --enable-nls --enable-clocale=gnu --enable-libstdcxx-debug --enable-libstdcxx-time=yes --with-default-libstdcxx-abi=new --enable-gnu-unique-object --disable-vtable-verify --enable-plugin --enable-default-pie --with-system-zlib --with-target-system-zlib=auto --enable-objc-gc=auto --enable-multiarch --disable-werror --with-arch-32=i686 --with-abi=m64 --with-multilib-list=m32,m64,mx32 --enable-multilib --with-tune=generic --enable-offload-targets=nvptx-none=/build/gcc-9-HskZEa/gcc-9-9.3.0/debian/tmp-nvptx/usr,hsa --without-cuda-driver --enable-checking=release --build=x86_64-linux-gnu --host=x86_64-linux-gnu --target=x86_64-linux-gnu
Thread model: posix
gcc version 9.3.0 (Ubuntu 9.3.0-17ubuntu1~20.04) 
configure:2024: $? = 0
configure:2013: g++ -V >&5
g++: error: unrecognized command line option '-V'
g++: fatal error: no input files
compilation terminated.
configure:2024: $? = 1
configure:2013: g++ -qversion >&5
g++: error: unrecognized command line option '-qversion'; did you mean '--version'?
g++: fatal error: no input files
compilation terminated.
configure:2024: $? = 1
configure:2044: checking whether the C++ compiler works
configure:2066: g++    conftest.cpp  >&5
configure:2070: $? = 0
configure:2118: result: yes
configure:2121: checking for C++ compiler default output file name
configure:2123: result: a.out
configure:2129: checking for suffix of executables
configure:2136: g++ -o conftest    conftest.cpp  >&5
configure:2140: $? = 0
configure:2162: result: 
configure:2184: checking whether we are cross compiling
configure:2192: g++ -o conftest    conftest.cpp  >&5
configure:2196: $? = 0
configure:2203: ./conftest
configure:2207: $? = 0
configure:2195: result: no
configure:2200: checking for suffix of object files
configure:2222: g++ -c   conftest.cpp >&5
configure:2226: $? = 0
configure:2247: result: o
configure:2251: checking whether we are using the GNU C++ compiler
configure:2270: g++ -c   conftest.cpp >&5
configure:2270: $? = 0
configure:2279: result: yes
configure:2288: checking whether g++ accepts -g
configure:2308: g++ -c -g  conftest.cpp >&5
configure:2308: $? = 0
configure:2349: result: yes
configure:2379: checking whether make sets $(MAKE)
configure:2401: result: yes
configure:2417: checking how to run the C++ preprocessor
configure:2444: g++ -E  conftest.cpp
configure:2444: $? = 0
configure:2458: g++ -E  conftest.cpp
conftest.cpp:9:10: fatal error: ac_nonexistent.h: No such file or directory
    9 | #include <ac_nonexistent.h>
      |          ^~~~~~~~~~~~~~~~~~
compilation terminated.
configure:2458: $? = 1
configure: failed program was:
| /* confdefs.h */
| #define PACKAGE_NAME "ukb"
| #define PACKAGE_TARNAME "ukb"
| #define PACKAGE_VERSION "3.2"
| #define PACKAGE_STRING "ukb 3.2"
| #define PACKAGE_BUGREPORT ""
| #define PACKAGE_URL ""
| /* end confdefs.h.  */
| #include <ac_nonexistent.h>
configure:2483: result: g++ -E
configure:2503: g++ -E  conftest.cpp
configure:2503: $? = 0
configure:2517: g++ -E  conftest.cpp
conftest.cpp:9:10: fatal error: ac_nonexistent.h: No such file or directory
    9 | #include <ac_nonexistent.h>
      |          ^~~~~~~~~~~~~~~~~~
compilation terminated.
configure:2517: $? = 1
configure: failed program was:
| /* confdefs.h */
| #define PACKAGE_NAME "ukb"
| #define PACKAGE_TARNAME "ukb"
| #define PACKAGE_VERSION "3.2"
| #define PACKAGE_STRING "ukb 3.2"
| #define PACKAGE_BUGREPORT ""
| #define PACKAGE_URL ""
| /* end confdefs.h.  */
| #include <ac_nonexistent.h>
configure:2546: checking for grep that handles long lines and -e
configure:2604: result: /usr/bin/grep
configure:2609: checking for egrep
configure:2671: result: /usr/bin/grep -E
configure:2676: checking for ANSI C header files
configure:2696: g++ -c -g -O2  conftest.cpp >&5
configure:2696: $? = 0
configure:2769: g++ -o conftest -g -O2   conftest.cpp  >&5
configure:2769: $? = 0
configure:2769: ./conftest
configure:2769: $? = 0
configure:2780: result: yes
configure:2827: checking for /usr/local/include/boost/graph/adjacency_list.hpp
configure:2841: result: yes
configure:2852: checking for /usr/local/include/boost/tokenizer.hpp
configure:2866: result: yes
configure:2877: checking for /usr/local/include/boost/lexical_cast.hpp
configure:2891: result: yes
configure:2902: checking for /usr/local/include/boost/filesystem/path.hpp
configure:2916: result: yes
configure:2928: checking for /usr/local/include/boost/random.hpp
configure:2942: result: yes
configure:2955: checking for main in -lboost_program_options
configure:2974: g++ -o conftest -g -O2   conftest.cpp -lboost_program_options   >&5
configure:2974: $? = 0
configure:2983: result: yes
configure:2992: checking for main in -lboost_system
configure:3011: g++ -o conftest -g -O2   -lboost_program_options conftest.cpp -lboost_system   >&5
configure:3011: $? = 0
configure:3020: result: yes
configure:3027: checking for main in -lboost_filesystem
configure:3046: g++ -o conftest -g -O2   -lboost_program_options -lboost_system conftest.cpp -lboost_filesystem   >&5
configure:3046: $? = 0
configure:3055: result: yes
configure:3064: checking for main in -lboost_random
configure:3083: g++ -o conftest -g -O2   -lboost_program_options -lboost_system -lboost_filesystem conftest.cpp -lboost_random   >&5
configure:3083: $? = 0
configure:3092: result: yes
configure:3249: creating ./config.status

## ---------------------- ##
## Running config.status. ##
## ---------------------- ##

This file was extended by ukb config.status 3.2, which was
generated by GNU Autoconf 2.69.  Invocation command line was

  CONFIG_FILES    = 
  CONFIG_HEADERS  = 
  CONFIG_LINKS    = 
  CONFIG_COMMANDS = 
  $ ./config.status 

on akalanka-ThinkPad

config.status:724: creating Makefile

## ---------------- ##
## Cache variables. ##
## ---------------- ##

ac_cv_cxx_compiler_gnu=yes
ac_cv_env_CCC_set=
ac_cv_env_CCC_value=
ac_cv_env_CPPFLAGS_set=
ac_cv_env_CPPFLAGS_value=
ac_cv_env_CXXCPP_set=
ac_cv_env_CXXCPP_value=
ac_cv_env_CXXFLAGS_set=
ac_cv_env_CXXFLAGS_value=
ac_cv_env_CXX_set=
ac_cv_env_CXX_value=
ac_cv_env_LDFLAGS_set=
ac_cv_env_LDFLAGS_value=
ac_cv_env_LIBS_set=
ac_cv_env_LIBS_value=
ac_cv_env_build_alias_set=
ac_cv_env_build_alias_value=
ac_cv_env_host_alias_set=
ac_cv_env_host_alias_value=
ac_cv_env_target_alias_set=
ac_cv_env_target_alias_value=
ac_cv_file__usr_local_include_boost_filesystem_path_hpp=yes
ac_cv_file__usr_local_include_boost_graph_adjacency_list_hpp=yes
ac_cv_file__usr_local_include_boost_lexical_cast_hpp=yes
ac_cv_file__usr_local_include_boost_random_hpp=yes
ac_cv_file__usr_local_include_boost_tokenizer_hpp=yes
ac_cv_header_stdc=yes
ac_cv_lib_boost_filesystem_main=yes
ac_cv_lib_boost_program_options_main=yes
ac_cv_lib_boost_random_main=yes
ac_cv_lib_boost_system_main=yes
ac_cv_objext=o
ac_cv_path_EGREP='/usr/bin/grep -E'
ac_cv_path_GREP=/usr/bin/grep
ac_cv_prog_CXXCPP='g++ -E'
ac_cv_prog_ac_ct_CXX=g++
ac_cv_prog_cxx_g=yes
ac_cv_prog_make_make_set=yes

## ----------------- ##
## Output variables. ##
## ----------------- ##

BOOST_INCLUDE_DIR='/usr/local/include'
BOOST_LIB_DIR=''
CCFLAGS='-O2 -Wall -Wno-deprecated'
CPPFLAGS=''
CXX='g++'
CXXCPP='g++ -E'
CXXFLAGS='-g -O2'
DEFS='-DPACKAGE_NAME=\"ukb\" -DPACKAGE_TARNAME=\"ukb\" -DPACKAGE_VERSION=\"3.2\" -DPACKAGE_STRING=\"ukb\ 3.2\" -DPACKAGE_BUGREPORT=\"\" -DPACKAGE_URL=\"\" -DSTDC_HEADERS=1'
ECHO_C=''
ECHO_N='-n'
ECHO_T=''
EGREP='/usr/bin/grep -E'
ENABLE_STATIC=''
EXEEXT=''
GREP='/usr/bin/grep'
LDFLAGS=' -lboost_program_options -lboost_system -lboost_filesystem -lboost_random'
LIBOBJS=''
LIBS=''
LTLIBOBJS=''
OBJEXT='o'
PACKAGE_BUGREPORT=''
PACKAGE_NAME='ukb'
PACKAGE_STRING='ukb 3.2'
PACKAGE_TARNAME='ukb'
PACKAGE_URL=''
PACKAGE_VERSION='3.2'
PATH_SEPARATOR=':'
SET_MAKE=''
SHELL='/bin/bash'
ac_ct_CXX='g++'
bindir='${exec_prefix}/bin'
build_alias=''
datadir='${datarootdir}'
datarootdir='${prefix}/share'
docdir='${datarootdir}/doc/${PACKAGE_TARNAME}'
dvidir='${docdir}'
exec_prefix='${prefix}'
host_alias=''
htmldir='${docdir}'
includedir='${prefix}/include'
infodir='${datarootdir}/info'
libdir='${exec_prefix}/lib'
libexecdir='${exec_prefix}/libexec'
localedir='${datarootdir}/locale'
localstatedir='${prefix}/var'
mandir='${datarootdir}/man'
oldincludedir='/usr/include'
pdfdir='${docdir}'
prefix='/usr/local'
program_transform_name='s,x,x,'
psdir='${docdir}'
runstatedir='${localstatedir}/run'
sbindir='${exec_prefix}/sbin'
sharedstatedir='${prefix}/com'
sysconfdir='${prefix}/etc'
target_alias=''

## ----------- ##
## confdefs.h. ##
## ----------- ##

/* confdefs.h */
#define PACKAGE_NAME "ukb"
#define PACKAGE_TARNAME "ukb"
#define PACKAGE_VERSION "3.2"
#define PACKAGE_STRING "ukb 3.2"
#define PACKAGE_BUGREPORT ""
#define PACKAGE_URL ""
#define STDC_HEADERS 1

configure: exit 0
